<?xml version="1.0" encoding="UTF-8"?>
<!-- Generated by org.testng.reporters.JUnitReportReporter -->
<testsuite skipped="0" hostname="admin-PC" name="com.Edureka.TestCases.BaseClass" tests="1" failures="0" timestamp="22 May 2019 15:05:03 GMT" time="0.017" errors="0">
  <testcase name="test" time="0.017" classname="com.Edureka.TestCases.BaseClass"/>
</testsuite> <!-- com.Edureka.TestCases.BaseClass -->
