<?xml version="1.0" encoding="UTF-8"?>
<!-- Generated by org.testng.reporters.JUnitReportReporter -->
<testsuite skipped="0" hostname="admin-PC" name="com.Wonderwe.TestCases.TC_001_HomePage" tests="1" failures="0" timestamp="16 Jun 2019 16:07:16 GMT" time="10.234" errors="0">
  <testcase name="Title" time="10.234" classname="com.Wonderwe.TestCases.TC_001_HomePage"/>
</testsuite> <!-- com.Wonderwe.TestCases.TC_001_HomePage -->
